This file contains any messages produced by compilers while
running configure, to aid debugging if configure makes a mistake.

It was created by libjpeg-turbo configure 1.4.90, which was
generated by GNU Autoconf 2.69.  Invocation command line was

  $ ./configure 

## --------- ##
## Platform. ##
## --------- ##

hostname = ubuntu
uname -m = x86_64
uname -r = 3.2.0-23-generic
uname -s = Linux
uname -v = #36-Ubuntu SMP Tue Apr 10 20:39:51 UTC 2012

/usr/bin/uname -p = unknown
/bin/uname -X     = unknown

/bin/arch              = unknown
/usr/bin/arch -k       = unknown
/usr/convex/getsysinfo = unknown
/usr/bin/hostinfo      = unknown
/bin/machine           = unknown
/usr/bin/oslevel       = unknown
/bin/universe          = unknown

PATH: /usr/lib/jvm/java-6-sun/bin
PATH: /home/hsw/project/firefly-rk3288/out/host/linux-x86/bin
PATH: /home/hsw/project/firefly-rk3288/prebuilts/gcc/linux-x86/arm/arm-linux-androideabi-4.7/bin
PATH: /home/hsw/project/firefly-rk3288/prebuilts/gcc/linux-x86/arm/arm-eabi-4.7/bin
PATH: /home/hsw/project/firefly-rk3288/prebuilts/gcc/linux-x86/mips/mipsel-linux-android-4.7/bin
PATH: /home/hsw/project/firefly-rk3288/development/emulator/qtools
PATH: /home/hsw/project/firefly-rk3288/prebuilts/gcc/linux-x86/arm/arm-linux-androideabi-4.7/bin
PATH: /home/hsw/project/firefly-rk3288/prebuilts/gcc/linux-x86/arm/arm-eabi-4.7/bin
PATH: /home/hsw/project/firefly-rk3288/development/scripts
PATH: /home/hsw/project/firefly-rk3288/prebuilts/devtools/tools
PATH: /usr/local/sbin
PATH: /usr/local/bin
PATH: /usr/sbin
PATH: /usr/bin
PATH: /sbin
PATH: /bin
PATH: /usr/games
PATH: /opt/FriendlyARM/toolschain/4.5.1/bin


## ----------- ##
## Core tests. ##
## ----------- ##

configure:2667: checking for a BSD-compatible install
configure:2735: result: /usr/bin/install -c
configure:2746: checking whether build environment is sane
configure:2801: result: yes
configure:2952: checking for a thread-safe mkdir -p
configure:2991: result: /bin/mkdir -p
configure:2998: checking for gawk
configure:3028: result: no
configure:2998: checking for mawk
configure:3014: found /usr/bin/mawk
configure:3025: result: mawk
configure:3036: checking whether make sets $(MAKE)
configure:3058: result: yes
configure:3087: checking whether make supports nested variables
configure:3104: result: yes
configure:3243: checking whether make supports nested variables
configure:3260: result: yes
configure:3287: checking for style of include used by make
configure:3315: result: GNU
configure:3386: checking for gcc
configure:3402: found /usr/bin/gcc
configure:3413: result: gcc
configure:3642: checking for C compiler version
configure:3651: gcc --version >&5
gcc (Ubuntu/Linaro 4.6.3-1ubuntu5) 4.6.3
Copyright (C) 2011 Free Software Foundation, Inc.
This is free software; see the source for copying conditions.  There is NO
warranty; not even for MERCHANTABILITY or FITNESS FOR A PARTICULAR PURPOSE.

configure:3662: $? = 0
configure:3651: gcc -v >&5
Using built-in specs.
COLLECT_GCC=gcc
COLLECT_LTO_WRAPPER=/usr/lib/gcc/x86_64-linux-gnu/4.6/lto-wrapper
Target: x86_64-linux-gnu
Configured with: ../src/configure -v --with-pkgversion='Ubuntu/Linaro 4.6.3-1ubuntu5' --with-bugurl=file:///usr/share/doc/gcc-4.6/README.Bugs --enable-languages=c,c++,fortran,objc,obj-c++ --prefix=/usr --program-suffix=-4.6 --enable-shared --enable-linker-build-id --with-system-zlib --libexecdir=/usr/lib --without-included-gettext --enable-threads=posix --with-gxx-include-dir=/usr/include/c++/4.6 --libdir=/usr/lib --enable-nls --with-sysroot=/ --enable-clocale=gnu --enable-libstdcxx-debug --enable-libstdcxx-time=yes --enable-gnu-unique-object --enable-plugin --enable-objc-gc --disable-werror --with-arch-32=i686 --with-tune=generic --enable-checking=release --build=x86_64-linux-gnu --host=x86_64-linux-gnu --target=x86_64-linux-gnu
Thread model: posix
gcc version 4.6.3 (Ubuntu/Linaro 4.6.3-1ubuntu5) 
configure:3662: $? = 0
configure:3651: gcc -V >&5
gcc: error: unrecognized option '-V'
gcc: fatal error: no input files
compilation terminated.
configure:3662: $? = 4
configure:3651: gcc -qversion >&5
gcc: error: unrecognized option '-qversion'
gcc: fatal error: no input files
compilation terminated.
configure:3662: $? = 4
configure:3682: checking whether the C compiler works
configure:3704: gcc    conftest.c  >&5
configure:3708: $? = 0
configure:3756: result: yes
configure:3759: checking for C compiler default output file name
configure:3761: result: a.out
configure:3767: checking for suffix of executables
configure:3774: gcc -o conftest    conftest.c  >&5
configure:3778: $? = 0
configure:3800: result: 
configure:3822: checking whether we are cross compiling
configure:3830: gcc -o conftest    conftest.c  >&5
configure:3834: $? = 0
configure:3841: ./conftest
configure:3845: $? = 0
configure:3860: result: no
configure:3865: checking for suffix of object files
configure:3887: gcc -c   conftest.c >&5
configure:3891: $? = 0
configure:3912: result: o
configure:3916: checking whether we are using the GNU C compiler
configure:3935: gcc -c   conftest.c >&5
configure:3935: $? = 0
configure:3944: result: yes
configure:3953: checking whether gcc accepts -g
configure:3973: gcc -c -g  conftest.c >&5
configure:3973: $? = 0
configure:4014: result: yes
configure:4031: checking for gcc option to accept ISO C89
configure:4094: gcc  -c -g -O2  conftest.c >&5
configure:4094: $? = 0
configure:4107: result: none needed
configure:4132: checking whether gcc understands -c and -o together
configure:4154: gcc -c conftest.c -o conftest2.o
configure:4157: $? = 0
configure:4154: gcc -c conftest.c -o conftest2.o
configure:4157: $? = 0
configure:4169: result: yes
configure:4188: checking dependency style of gcc
configure:4299: result: gcc3
configure:4319: checking how to run the C preprocessor
configure:4350: gcc -E  conftest.c
configure:4350: $? = 0
configure:4364: gcc -E  conftest.c
conftest.c:11:28: fatal error: ac_nonexistent.h: No such file or directory
compilation terminated.
configure:4364: $? = 1
configure: failed program was:
| /* confdefs.h */
| #define PACKAGE_NAME "libjpeg-turbo"
| #define PACKAGE_TARNAME "libjpeg-turbo"
| #define PACKAGE_VERSION "1.4.90"
| #define PACKAGE_STRING "libjpeg-turbo 1.4.90"
| #define PACKAGE_BUGREPORT ""
| #define PACKAGE_URL ""
| #define PACKAGE "libjpeg-turbo"
| #define VERSION "1.4.90"
| /* end confdefs.h.  */
| #include <ac_nonexistent.h>
configure:4389: result: gcc -E
configure:4409: gcc -E  conftest.c
configure:4409: $? = 0
configure:4423: gcc -E  conftest.c
conftest.c:11:28: fatal error: ac_nonexistent.h: No such file or directory
compilation terminated.
configure:4423: $? = 1
configure: failed program was:
| /* confdefs.h */
| #define PACKAGE_NAME "libjpeg-turbo"
| #define PACKAGE_TARNAME "libjpeg-turbo"
| #define PACKAGE_VERSION "1.4.90"
| #define PACKAGE_STRING "libjpeg-turbo 1.4.90"
| #define PACKAGE_BUGREPORT ""
| #define PACKAGE_URL ""
| #define PACKAGE "libjpeg-turbo"
| #define VERSION "1.4.90"
| /* end confdefs.h.  */
| #include <ac_nonexistent.h>
configure:4499: checking for gcc
configure:4526: result: gcc
configure:4755: checking for C compiler version
configure:4764: gcc --version >&5
gcc (Ubuntu/Linaro 4.6.3-1ubuntu5) 4.6.3
Copyright (C) 2011 Free Software Foundation, Inc.
This is free software; see the source for copying conditions.  There is NO
warranty; not even for MERCHANTABILITY or FITNESS FOR A PARTICULAR PURPOSE.

configure:4775: $? = 0
configure:4764: gcc -v >&5
Using built-in specs.
COLLECT_GCC=gcc
COLLECT_LTO_WRAPPER=/usr/lib/gcc/x86_64-linux-gnu/4.6/lto-wrapper
Target: x86_64-linux-gnu
Configured with: ../src/configure -v --with-pkgversion='Ubuntu/Linaro 4.6.3-1ubuntu5' --with-bugurl=file:///usr/share/doc/gcc-4.6/README.Bugs --enable-languages=c,c++,fortran,objc,obj-c++ --prefix=/usr --program-suffix=-4.6 --enable-shared --enable-linker-build-id --with-system-zlib --libexecdir=/usr/lib --without-included-gettext --enable-threads=posix --with-gxx-include-dir=/usr/include/c++/4.6 --libdir=/usr/lib --enable-nls --with-sysroot=/ --enable-clocale=gnu --enable-libstdcxx-debug --enable-libstdcxx-time=yes --enable-gnu-unique-object --enable-plugin --enable-objc-gc --disable-werror --with-arch-32=i686 --with-tune=generic --enable-checking=release --build=x86_64-linux-gnu --host=x86_64-linux-gnu --target=x86_64-linux-gnu
Thread model: posix
gcc version 4.6.3 (Ubuntu/Linaro 4.6.3-1ubuntu5) 
configure:4775: $? = 0
configure:4764: gcc -V >&5
gcc: error: unrecognized option '-V'
gcc: fatal error: no input files
compilation terminated.
configure:4775: $? = 4
configure:4764: gcc -qversion >&5
gcc: error: unrecognized option '-qversion'
gcc: fatal error: no input files
compilation terminated.
configure:4775: $? = 4
configure:4779: checking whether we are using the GNU C compiler
configure:4807: result: yes
configure:4816: checking whether gcc accepts -g
configure:4877: result: yes
configure:4894: checking for gcc option to accept ISO C89
configure:4970: result: none needed
configure:4995: checking whether gcc understands -c and -o together
configure:5032: result: yes
configure:5051: checking dependency style of gcc
configure:5162: result: gcc3
configure:5227: checking for ar
configure:5243: found /usr/bin/ar
configure:5254: result: ar
configure:5280: checking the archiver (ar) interface
configure:5296: gcc -c -g -O2  conftest.c >&5
configure:5296: $? = 0
configure:5298: ar cru libconftest.a conftest.o >&5
configure:5301: $? = 0
configure:5329: result: ar
configure:5358: checking dependency style of gcc
configure:5467: result: gcc3
configure:5513: checking build system type
configure:5527: result: x86_64-unknown-linux-gnu
configure:5547: checking host system type
configure:5560: result: x86_64-unknown-linux-gnu
configure:5601: checking how to print strings
configure:5628: result: printf
configure:5649: checking for a sed that does not truncate output
configure:5713: result: /bin/sed
configure:5731: checking for grep that handles long lines and -e
configure:5789: result: /bin/grep
configure:5794: checking for egrep
configure:5856: result: /bin/grep -E
configure:5861: checking for fgrep
configure:5923: result: /bin/grep -F
configure:5958: checking for ld used by gcc
configure:6025: result: /usr/bin/ld
configure:6032: checking if the linker (/usr/bin/ld) is GNU ld
configure:6047: result: yes
configure:6059: checking for BSD- or MS-compatible name lister (nm)
configure:6113: result: /usr/bin/nm -B
configure:6243: checking the name lister (/usr/bin/nm -B) interface
configure:6250: gcc -c -g -O2  conftest.c >&5
configure:6253: /usr/bin/nm -B "conftest.o"
configure:6256: output
0000000000000000 B some_variable
configure:6263: result: BSD nm
configure:6266: checking whether ln -s works
configure:6270: result: yes
configure:6278: checking the maximum length of command line arguments
configure:6409: result: 1572864
configure:6457: checking how to convert x86_64-unknown-linux-gnu file names to x86_64-unknown-linux-gnu format
configure:6497: result: func_convert_file_noop
configure:6504: checking how to convert x86_64-unknown-linux-gnu file names to toolchain format
configure:6524: result: func_convert_file_noop
configure:6531: checking for /usr/bin/ld option to reload object files
configure:6538: result: -r
configure:6612: checking for objdump
configure:6628: found /usr/bin/objdump
configure:6639: result: objdump
configure:6671: checking how to recognize dependent libraries
configure:6871: result: pass_all
configure:6956: checking for dlltool
configure:6986: result: no
configure:7016: checking how to associate runtime and link libraries
configure:7043: result: printf %s\n
configure:7167: checking for archiver @FILE support
configure:7184: gcc -c -g -O2  conftest.c >&5
configure:7184: $? = 0
configure:7187: ar cru libconftest.a @conftest.lst >&5
configure:7190: $? = 0
configure:7195: ar cru libconftest.a @conftest.lst >&5
ar: conftest.o: No such file or directory
configure:7198: $? = 1
configure:7210: result: @
configure:7268: checking for strip
configure:7284: found /usr/bin/strip
configure:7295: result: strip
configure:7367: checking for ranlib
configure:7383: found /usr/bin/ranlib
configure:7394: result: ranlib
configure:7496: checking command to parse /usr/bin/nm -B output from gcc object
configure:7649: gcc -c -g -O2  conftest.c >&5
configure:7652: $? = 0
configure:7656: /usr/bin/nm -B conftest.o \| sed -n -e 's/^.*[ ]\([ABCDGIRSTW][ABCDGIRSTW]*\)[ ][ ]*\([_A-Za-z][_A-Za-z0-9]*\)$/\1 \2 \2/p' | sed '/ __gnu_lto/d' \> conftest.nm
configure:7659: $? = 0
configure:7725: gcc -o conftest -g -O2   conftest.c conftstm.o >&5
configure:7728: $? = 0
configure:7766: result: ok
configure:7813: checking for sysroot
configure:7843: result: no
configure:7850: checking for a working dd
configure:7888: result: /bin/dd
configure:7892: checking how to truncate binary pipes
configure:7907: result: /bin/dd bs=4096 count=1
configure:8043: gcc -c -g -O2  conftest.c >&5
configure:8046: $? = 0
configure:8236: checking for mt
configure:8252: found /bin/mt
configure:8263: result: mt
configure:8286: checking if mt is a manifest tool
configure:8292: mt '-?'
configure:8300: result: no
configure:8973: checking for ANSI C header files
configure:8993: gcc -c -g -O2  conftest.c >&5
configure:8993: $? = 0
configure:9066: gcc -o conftest -g -O2   conftest.c  >&5
configure:9066: $? = 0
configure:9066: ./conftest
configure:9066: $? = 0
configure:9077: result: yes
configure:9090: checking for sys/types.h
configure:9090: gcc -c -g -O2  conftest.c >&5
configure:9090: $? = 0
configure:9090: result: yes
configure:9090: checking for sys/stat.h
configure:9090: gcc -c -g -O2  conftest.c >&5
configure:9090: $? = 0
configure:9090: result: yes
configure:9090: checking for stdlib.h
configure:9090: gcc -c -g -O2  conftest.c >&5
configure:9090: $? = 0
configure:9090: result: yes
configure:9090: checking for string.h
configure:9090: gcc -c -g -O2  conftest.c >&5
configure:9090: $? = 0
configure:9090: result: yes
configure:9090: checking for memory.h
configure:9090: gcc -c -g -O2  conftest.c >&5
configure:9090: $? = 0
configure:9090: result: yes
configure:9090: checking for strings.h
configure:9090: gcc -c -g -O2  conftest.c >&5
configure:9090: $? = 0
configure:9090: result: yes
configure:9090: checking for inttypes.h
configure:9090: gcc -c -g -O2  conftest.c >&5
configure:9090: $? = 0
configure:9090: result: yes
configure:9090: checking for stdint.h
configure:9090: gcc -c -g -O2  conftest.c >&5
configure:9090: $? = 0
configure:9090: result: yes
configure:9090: checking for unistd.h
configure:9090: gcc -c -g -O2  conftest.c >&5
configure:9090: $? = 0
configure:9090: result: yes
configure:9104: checking for dlfcn.h
configure:9104: gcc -c -g -O2  conftest.c >&5
configure:9104: $? = 0
configure:9104: result: yes
configure:9360: checking for objdir
configure:9375: result: .libs
configure:9635: checking if gcc supports -fno-rtti -fno-exceptions
configure:9653: gcc -c -g -O2  -fno-rtti -fno-exceptions conftest.c >&5
cc1: warning: command line option '-fno-rtti' is valid for C++/ObjC++ but not for C [enabled by default]
configure:9657: $? = 0
configure:9670: result: no
configure:10028: checking for gcc option to produce PIC
configure:10035: result: -fPIC -DPIC
configure:10043: checking if gcc PIC flag -fPIC -DPIC works
configure:10061: gcc -c -g -O2  -fPIC -DPIC -DPIC conftest.c >&5
configure:10065: $? = 0
configure:10078: result: yes
configure:10107: checking if gcc static flag -static works
configure:10135: result: yes
configure:10150: checking if gcc supports -c -o file.o
configure:10171: gcc -c -g -O2  -o out/conftest2.o conftest.c >&5
configure:10175: $? = 0
configure:10197: result: yes
configure:10205: checking if gcc supports -c -o file.o
configure:10252: result: yes
configure:10285: checking whether the gcc linker (/usr/bin/ld -m elf_x86_64) supports shared libraries
configure:11544: result: yes
configure:11581: checking whether -lc should be explicitly linked in
configure:11589: gcc -c -g -O2  conftest.c >&5
configure:11592: $? = 0
configure:11607: gcc -shared  -fPIC -DPIC conftest.o  -v -Wl,-soname -Wl,conftest -o conftest 2\>\&1 \| /bin/grep  -lc  \>/dev/null 2\>\&1
configure:11610: $? = 0
configure:11624: result: no
configure:11784: checking dynamic linker characteristics
configure:12365: gcc -o conftest -g -O2   -Wl,-rpath -Wl,/foo conftest.c  >&5
configure:12365: $? = 0
configure:12602: result: GNU/Linux ld.so
configure:12724: checking how to hardcode library paths into programs
configure:12749: result: immediate
configure:13297: checking whether stripping libraries is possible
configure:13302: result: yes
configure:13337: checking if libtool supports shared libraries
configure:13339: result: yes
configure:13342: checking whether to build shared libraries
configure:13367: result: yes
configure:13370: checking whether to build static libraries
configure:13374: result: yes
configure:13411: checking whether ln -s works
configure:13415: result: yes
configure:13481: checking for pkg-config
configure:13499: found /usr/bin/pkg-config
configure:13511: result: /usr/bin/pkg-config
configure:13536: checking pkg-config is at least version 0.9.0
configure:13539: result: yes
configure:13581: checking size of size_t
configure:13586: gcc -o conftest -g -O2   conftest.c  >&5
configure:13586: $? = 0
configure:13586: ./conftest
configure:13586: $? = 0
configure:13600: result: 8
configure:13632: checking whether compiler supports pointers to undefined structures
configure:13645: gcc -c -g -O2  conftest.c >&5
configure:13645: $? = 0
configure:13646: result: yes
configure:13666: checking whether __SUNPRO_C is declared
configure:13666: gcc -c -O3 -Wall conftest.c >&5
conftest.c: In function 'main':
conftest.c:64:10: error: '__SUNPRO_C' undeclared (first use in this function)
conftest.c:64:10: note: each undeclared identifier is reported only once for each function it appears in
configure:13666: $? = 1
configure: failed program was:
| /* confdefs.h */
| #define PACKAGE_NAME "libjpeg-turbo"
| #define PACKAGE_TARNAME "libjpeg-turbo"
| #define PACKAGE_VERSION "1.4.90"
| #define PACKAGE_STRING "libjpeg-turbo 1.4.90"
| #define PACKAGE_BUGREPORT ""
| #define PACKAGE_URL ""
| #define PACKAGE "libjpeg-turbo"
| #define VERSION "1.4.90"
| #define STDC_HEADERS 1
| #define HAVE_SYS_TYPES_H 1
| #define HAVE_SYS_STAT_H 1
| #define HAVE_STDLIB_H 1
| #define HAVE_STRING_H 1
| #define HAVE_MEMORY_H 1
| #define HAVE_STRINGS_H 1
| #define HAVE_INTTYPES_H 1
| #define HAVE_STDINT_H 1
| #define HAVE_UNISTD_H 1
| #define HAVE_DLFCN_H 1
| #define LT_OBJDIR ".libs/"
| #define SIZEOF_SIZE_T 8
| /* end confdefs.h.  */
| #include <stdio.h>
| #ifdef HAVE_SYS_TYPES_H
| # include <sys/types.h>
| #endif
| #ifdef HAVE_SYS_STAT_H
| # include <sys/stat.h>
| #endif
| #ifdef STDC_HEADERS
| # include <stdlib.h>
| # include <stddef.h>
| #else
| # ifdef HAVE_STDLIB_H
| #  include <stdlib.h>
| # endif
| #endif
| #ifdef HAVE_STRING_H
| # if !defined STDC_HEADERS && defined HAVE_MEMORY_H
| #  include <memory.h>
| # endif
| # include <string.h>
| #endif
| #ifdef HAVE_STRINGS_H
| # include <strings.h>
| #endif
| #ifdef HAVE_INTTYPES_H
| # include <inttypes.h>
| #endif
| #ifdef HAVE_STDINT_H
| # include <stdint.h>
| #endif
| #ifdef HAVE_UNISTD_H
| # include <unistd.h>
| #endif
| int
| main ()
| {
| #ifndef __SUNPRO_C
| #ifdef __cplusplus
|   (void) __SUNPRO_C;
| #else
|   (void) __SUNPRO_C;
| #endif
| #endif
| 
|   ;
|   return 0;
| }
configure:13666: result: no
configure:13682: checking for ANSI C header files
configure:13786: result: yes
configure:13797: checking stddef.h usability
configure:13797: gcc -c -O3 -Wall conftest.c >&5
configure:13797: $? = 0
configure:13797: result: yes
configure:13797: checking stddef.h presence
configure:13797: gcc -E -Wall conftest.c
configure:13797: $? = 0
configure:13797: result: yes
configure:13797: checking for stddef.h
configure:13797: result: yes
configure:13797: checking for stdlib.h
configure:13797: result: yes
configure:13797: checking locale.h usability
configure:13797: gcc -c -O3 -Wall conftest.c >&5
configure:13797: $? = 0
configure:13797: result: yes
configure:13797: checking locale.h presence
configure:13797: gcc -E -Wall conftest.c
configure:13797: $? = 0
configure:13797: result: yes
configure:13797: checking for locale.h
configure:13797: result: yes
configure:13797: checking for string.h
configure:13797: result: yes
configure:13807: checking for sys/types.h
configure:13807: result: yes
configure:13817: checking for an ANSI C-conforming const
configure:13883: gcc -c -O3 -Wall conftest.c >&5
configure:13883: $? = 0
configure:13890: result: yes
configure:13898: checking whether char is unsigned
configure:13917: gcc -c -O3 -Wall conftest.c >&5
configure:13917: $? = 0
configure:13924: result: no
configure:13931: checking for inline
configure:13947: gcc -c -O3 -Wall conftest.c >&5
configure:13947: $? = 0
configure:13955: result: inline
configure:13973: checking for size_t
configure:13973: gcc -c -O3 -Wall conftest.c >&5
configure:13973: $? = 0
configure:13973: gcc -c -O3 -Wall conftest.c >&5
conftest.c: In function 'main':
conftest.c:66:21: error: expected expression before ')' token
configure:13973: $? = 1
configure: failed program was:
| /* confdefs.h */
| #define PACKAGE_NAME "libjpeg-turbo"
| #define PACKAGE_TARNAME "libjpeg-turbo"
| #define PACKAGE_VERSION "1.4.90"
| #define PACKAGE_STRING "libjpeg-turbo 1.4.90"
| #define PACKAGE_BUGREPORT ""
| #define PACKAGE_URL ""
| #define PACKAGE "libjpeg-turbo"
| #define VERSION "1.4.90"
| #define STDC_HEADERS 1
| #define HAVE_SYS_TYPES_H 1
| #define HAVE_SYS_STAT_H 1
| #define HAVE_STDLIB_H 1
| #define HAVE_STRING_H 1
| #define HAVE_MEMORY_H 1
| #define HAVE_STRINGS_H 1
| #define HAVE_INTTYPES_H 1
| #define HAVE_STDINT_H 1
| #define HAVE_UNISTD_H 1
| #define HAVE_DLFCN_H 1
| #define LT_OBJDIR ".libs/"
| #define SIZEOF_SIZE_T 8
| #define STDC_HEADERS 1
| #define HAVE_STDDEF_H 1
| #define HAVE_STDLIB_H 1
| #define HAVE_LOCALE_H 1
| #define HAVE_STRING_H 1
| #define NEED_SYS_TYPES_H 1
| /* end confdefs.h.  */
| #include <stdio.h>
| #ifdef HAVE_SYS_TYPES_H
| # include <sys/types.h>
| #endif
| #ifdef HAVE_SYS_STAT_H
| # include <sys/stat.h>
| #endif
| #ifdef STDC_HEADERS
| # include <stdlib.h>
| # include <stddef.h>
| #else
| # ifdef HAVE_STDLIB_H
| #  include <stdlib.h>
| # endif
| #endif
| #ifdef HAVE_STRING_H
| # if !defined STDC_HEADERS && defined HAVE_MEMORY_H
| #  include <memory.h>
| # endif
| # include <string.h>
| #endif
| #ifdef HAVE_STRINGS_H
| # include <strings.h>
| #endif
| #ifdef HAVE_INTTYPES_H
| # include <inttypes.h>
| #endif
| #ifdef HAVE_STDINT_H
| # include <stdint.h>
| #endif
| #ifdef HAVE_UNISTD_H
| # include <unistd.h>
| #endif
| int
| main ()
| {
| if (sizeof ((size_t)))
| 	    return 0;
|   ;
|   return 0;
| }
configure:13973: result: yes
configure:13984: checking for unsigned char
configure:13984: gcc -c -O3 -Wall conftest.c >&5
configure:13984: $? = 0
configure:13984: gcc -c -O3 -Wall conftest.c >&5
conftest.c: In function 'main':
conftest.c:66:28: error: expected expression before ')' token
configure:13984: $? = 1
configure: failed program was:
| /* confdefs.h */
| #define PACKAGE_NAME "libjpeg-turbo"
| #define PACKAGE_TARNAME "libjpeg-turbo"
| #define PACKAGE_VERSION "1.4.90"
| #define PACKAGE_STRING "libjpeg-turbo 1.4.90"
| #define PACKAGE_BUGREPORT ""
| #define PACKAGE_URL ""
| #define PACKAGE "libjpeg-turbo"
| #define VERSION "1.4.90"
| #define STDC_HEADERS 1
| #define HAVE_SYS_TYPES_H 1
| #define HAVE_SYS_STAT_H 1
| #define HAVE_STDLIB_H 1
| #define HAVE_STRING_H 1
| #define HAVE_MEMORY_H 1
| #define HAVE_STRINGS_H 1
| #define HAVE_INTTYPES_H 1
| #define HAVE_STDINT_H 1
| #define HAVE_UNISTD_H 1
| #define HAVE_DLFCN_H 1
| #define LT_OBJDIR ".libs/"
| #define SIZEOF_SIZE_T 8
| #define STDC_HEADERS 1
| #define HAVE_STDDEF_H 1
| #define HAVE_STDLIB_H 1
| #define HAVE_LOCALE_H 1
| #define HAVE_STRING_H 1
| #define NEED_SYS_TYPES_H 1
| /* end confdefs.h.  */
| #include <stdio.h>
| #ifdef HAVE_SYS_TYPES_H
| # include <sys/types.h>
| #endif
| #ifdef HAVE_SYS_STAT_H
| # include <sys/stat.h>
| #endif
| #ifdef STDC_HEADERS
| # include <stdlib.h>
| # include <stddef.h>
| #else
| # ifdef HAVE_STDLIB_H
| #  include <stdlib.h>
| # endif
| #endif
| #ifdef HAVE_STRING_H
| # if !defined STDC_HEADERS && defined HAVE_MEMORY_H
| #  include <memory.h>
| # endif
| # include <string.h>
| #endif
| #ifdef HAVE_STRINGS_H
| # include <strings.h>
| #endif
| #ifdef HAVE_INTTYPES_H
| # include <inttypes.h>
| #endif
| #ifdef HAVE_STDINT_H
| # include <stdint.h>
| #endif
| #ifdef HAVE_UNISTD_H
| # include <unistd.h>
| #endif
| int
| main ()
| {
| if (sizeof ((unsigned char)))
| 	    return 0;
|   ;
|   return 0;
| }
configure:13984: result: yes
configure:13993: checking for unsigned short
configure:13993: gcc -c -O3 -Wall conftest.c >&5
configure:13993: $? = 0
configure:13993: gcc -c -O3 -Wall conftest.c >&5
conftest.c: In function 'main':
conftest.c:67:29: error: expected expression before ')' token
configure:13993: $? = 1
configure: failed program was:
| /* confdefs.h */
| #define PACKAGE_NAME "libjpeg-turbo"
| #define PACKAGE_TARNAME "libjpeg-turbo"
| #define PACKAGE_VERSION "1.4.90"
| #define PACKAGE_STRING "libjpeg-turbo 1.4.90"
| #define PACKAGE_BUGREPORT ""
| #define PACKAGE_URL ""
| #define PACKAGE "libjpeg-turbo"
| #define VERSION "1.4.90"
| #define STDC_HEADERS 1
| #define HAVE_SYS_TYPES_H 1
| #define HAVE_SYS_STAT_H 1
| #define HAVE_STDLIB_H 1
| #define HAVE_STRING_H 1
| #define HAVE_MEMORY_H 1
| #define HAVE_STRINGS_H 1
| #define HAVE_INTTYPES_H 1
| #define HAVE_STDINT_H 1
| #define HAVE_UNISTD_H 1
| #define HAVE_DLFCN_H 1
| #define LT_OBJDIR ".libs/"
| #define SIZEOF_SIZE_T 8
| #define STDC_HEADERS 1
| #define HAVE_STDDEF_H 1
| #define HAVE_STDLIB_H 1
| #define HAVE_LOCALE_H 1
| #define HAVE_STRING_H 1
| #define NEED_SYS_TYPES_H 1
| #define HAVE_UNSIGNED_CHAR 1
| /* end confdefs.h.  */
| #include <stdio.h>
| #ifdef HAVE_SYS_TYPES_H
| # include <sys/types.h>
| #endif
| #ifdef HAVE_SYS_STAT_H
| # include <sys/stat.h>
| #endif
| #ifdef STDC_HEADERS
| # include <stdlib.h>
| # include <stddef.h>
| #else
| # ifdef HAVE_STDLIB_H
| #  include <stdlib.h>
| # endif
| #endif
| #ifdef HAVE_STRING_H
| # if !defined STDC_HEADERS && defined HAVE_MEMORY_H
| #  include <memory.h>
| # endif
| # include <string.h>
| #endif
| #ifdef HAVE_STRINGS_H
| # include <strings.h>
| #endif
| #ifdef HAVE_INTTYPES_H
| # include <inttypes.h>
| #endif
| #ifdef HAVE_STDINT_H
| # include <stdint.h>
| #endif
| #ifdef HAVE_UNISTD_H
| # include <unistd.h>
| #endif
| int
| main ()
| {
| if (sizeof ((unsigned short)))
| 	    return 0;
|   ;
|   return 0;
| }
configure:13993: result: yes
configure:14004: checking if right shift is signed
configure:14033: gcc -o conftest -O3 -Wall  conftest.c  >&5
conftest.c: In function 'main':
conftest.c:50:6: warning: implicit declaration of function 'exit' [-Wimplicit-function-declaration]
conftest.c:50:6: warning: incompatible implicit declaration of built-in function 'exit' [enabled by default]
configure:14033: $? = 0
configure:14033: ./conftest
configure:14033: $? = 1
configure: program exited with status 1
configure: failed program was:
| /* confdefs.h */
| #define PACKAGE_NAME "libjpeg-turbo"
| #define PACKAGE_TARNAME "libjpeg-turbo"
| #define PACKAGE_VERSION "1.4.90"
| #define PACKAGE_STRING "libjpeg-turbo 1.4.90"
| #define PACKAGE_BUGREPORT ""
| #define PACKAGE_URL ""
| #define PACKAGE "libjpeg-turbo"
| #define VERSION "1.4.90"
| #define STDC_HEADERS 1
| #define HAVE_SYS_TYPES_H 1
| #define HAVE_SYS_STAT_H 1
| #define HAVE_STDLIB_H 1
| #define HAVE_STRING_H 1
| #define HAVE_MEMORY_H 1
| #define HAVE_STRINGS_H 1
| #define HAVE_INTTYPES_H 1
| #define HAVE_STDINT_H 1
| #define HAVE_UNISTD_H 1
| #define HAVE_DLFCN_H 1
| #define LT_OBJDIR ".libs/"
| #define SIZEOF_SIZE_T 8
| #define STDC_HEADERS 1
| #define HAVE_STDDEF_H 1
| #define HAVE_STDLIB_H 1
| #define HAVE_LOCALE_H 1
| #define HAVE_STRING_H 1
| #define NEED_SYS_TYPES_H 1
| #define HAVE_UNSIGNED_CHAR 1
| #define HAVE_UNSIGNED_SHORT 1
| /* end confdefs.h.  */
| #include <stdio.h>
|    int is_shifting_signed (long arg) {
|      long res = arg >> 4;
| 
|      if (res == -0x7F7E80CL)
|        return 1; /* right shift is signed */
| 
|      /* see if unsigned-shift hack will fix it. */
|      /* we can't just test exact value since it depends on width of long... */
|      res |= (~0L) << (32-4);
|      if (res == -0x7F7E80CL)
|        return 0; /* right shift is unsigned */
| 
|      printf("Right shift isn't acting as I expect it to.\n");
|      printf("I fear the JPEG software will not work at all.\n\n");
|      return 0; /* try it with unsigned anyway */
|    }
|    int main (void) {
|      exit(is_shifting_signed(-0x7F7E80B1L));
|    }
configure:14040: result: yes
configure:14052: checking for memset
configure:14052: gcc -o conftest -O3 -Wall  conftest.c  >&5
conftest.c:55:6: warning: conflicting types for built-in function 'memset' [enabled by default]
configure:14052: $? = 0
configure:14052: result: yes
configure:14052: checking for memcpy
configure:14052: gcc -o conftest -O3 -Wall  conftest.c  >&5
conftest.c:56:6: warning: conflicting types for built-in function 'memcpy' [enabled by default]
configure:14052: $? = 0
configure:14052: result: yes
configure:14066: checking libjpeg API version
configure:14094: result: 6.2
configure:14123: checking whether to include in-memory source/destination managers
configure:14132: result: yes
configure:14146: checking libjpeg shared library version
configure:14148: result: 62.2.0
configure:14170: checking whether the linker supports version scripts
configure:14190: gcc -o conftest -O3 -Wall  -Wl,--version-script,conftest.map conftest.c  >&5
configure:14190: $? = 0
configure:14192: result: yes (GNU style)
configure:14225: checking whether to use version script when building libjpeg-turbo
configure:14227: result: yes
configure:14241: checking for inline
configure:14256: gcc -c -O3 -Wall conftest.c >&5
conftest.c: In function 'main':
conftest.c:41:1: warning: control reaches end of non-void function [-Wreturn-type]
configure:14256: $? = 0
configure:14311: result: inline __attribute__((always_inline))
configure:14320: checking whether to include arithmetic encoding support
configure:14339: result: yes
configure:14351: checking whether to include arithmetic decoding support
configure:14370: result: yes
configure:14392: checking whether to use 12-bit samples
configure:14407: result: no
configure:14420: checking whether to build TurboJPEG C wrapper
configure:14436: result: yes
configure:14460: checking whether to build TurboJPEG Java wrapper
configure:14516: result: no
configure:14566: checking if we have SIMD optimisations for cpu type
configure:14570: result: yes (x86_64)
configure:14580: checking for nasm
configure:14596: found /usr/bin/nasm
configure:14607: result: nasm
configure:14621: checking for object file format of host system
configure:14695: result: ELF64
configure:14703: checking for object file format specifier (NAFLAGS) 
configure:14718: result: -felf64 -DELF -D__x86_64__
configure:14722: checking whether the assembler (nasm -felf64 -DELF -D__x86_64__) works
configure:14733: nasm -felf64 -DELF -D__x86_64__ -o conftest.o conftest.asm
configure:14736: $? = 0
configure:14738: result: yes
configure:14749: checking whether the linker accepts assembler output
configure:14752: gcc -o conftest  conftest.o  1>&5
configure:14755: $? = 0
configure:14758: result: yes
configure:15480: checking that generated files are newer than configure
configure:15486: result: done
configure:15585: creating ./config.status

## ---------------------- ##
## Running config.status. ##
## ---------------------- ##

This file was extended by libjpeg-turbo config.status 1.4.90, which was
generated by GNU Autoconf 2.69.  Invocation command line was

  CONFIG_FILES    = 
  CONFIG_HEADERS  = 
  CONFIG_LINKS    = 
  CONFIG_COMMANDS = 
  $ ./config.status 

on ubuntu

config.status:1181: creating pkgscripts/libjpeg-turbo.spec.tmpl
config.status:1181: creating pkgscripts/makecygwinpkg.tmpl
config.status:1181: creating pkgscripts/makedpkg.tmpl
config.status:1181: creating pkgscripts/makemacpkg.tmpl
config.status:1181: creating pkgscripts/uninstall.tmpl
config.status:1181: creating pkgscripts/libjpeg.pc
config.status:1181: creating pkgscripts/libturbojpeg.pc
config.status:1181: creating tjbenchtest
config.status:1181: creating libjpeg.map
config.status:1181: creating Makefile
config.status:1181: creating simd/Makefile
config.status:1181: creating java/Makefile
config.status:1181: creating md5/Makefile
config.status:1181: creating config.h
config.status:1181: creating jconfig.h
config.status:1181: creating jconfigint.h
config.status:1410: executing depfiles commands
config.status:1410: executing libtool commands

## ---------------- ##
## Cache variables. ##
## ---------------- ##

ac_cv_build=x86_64-unknown-linux-gnu
ac_cv_c_char_unsigned=no
ac_cv_c_compiler_gnu=yes
ac_cv_c_const=yes
ac_cv_c_inline=inline
ac_cv_env_CCASFLAGS_set=
ac_cv_env_CCASFLAGS_value=
ac_cv_env_CCAS_set=
ac_cv_env_CCAS_value=
ac_cv_env_CC_set=
ac_cv_env_CC_value=
ac_cv_env_CFLAGS_set=
ac_cv_env_CFLAGS_value=
ac_cv_env_CPPFLAGS_set=
ac_cv_env_CPPFLAGS_value=
ac_cv_env_CPP_set=
ac_cv_env_CPP_value=
ac_cv_env_JAR_set=
ac_cv_env_JAR_value=
ac_cv_env_JAVACFLAGS_set=
ac_cv_env_JAVACFLAGS_value=
ac_cv_env_JAVAC_set=
ac_cv_env_JAVAC_value=
ac_cv_env_JAVA_set=
ac_cv_env_JAVA_value=
ac_cv_env_JNI_CFLAGS_set=
ac_cv_env_JNI_CFLAGS_value=
ac_cv_env_JPEG_LIB_VERSION_set=
ac_cv_env_JPEG_LIB_VERSION_value=
ac_cv_env_LDFLAGS_set=
ac_cv_env_LDFLAGS_value=
ac_cv_env_LIBS_set=
ac_cv_env_LIBS_value=
ac_cv_env_LT_SYS_LIBRARY_PATH_set=
ac_cv_env_LT_SYS_LIBRARY_PATH_value=
ac_cv_env_NASM_set=
ac_cv_env_NASM_value=
ac_cv_env_PKGNAME_set=
ac_cv_env_PKGNAME_value=
ac_cv_env_PKG_CONFIG_set=
ac_cv_env_PKG_CONFIG_value=
ac_cv_env_SO_MAJOR_VERSION_set=
ac_cv_env_SO_MAJOR_VERSION_value=
ac_cv_env_SO_MINOR_VERSION_set=
ac_cv_env_SO_MINOR_VERSION_value=
ac_cv_env_build_alias_set=
ac_cv_env_build_alias_value=
ac_cv_env_host_alias_set=
ac_cv_env_host_alias_value=
ac_cv_env_target_alias_set=
ac_cv_env_target_alias_value=
ac_cv_func_memcpy=yes
ac_cv_func_memset=yes
ac_cv_have_decl___SUNPRO_C=no
ac_cv_header_dlfcn_h=yes
ac_cv_header_inttypes_h=yes
ac_cv_header_locale_h=yes
ac_cv_header_memory_h=yes
ac_cv_header_stdc=yes
ac_cv_header_stddef_h=yes
ac_cv_header_stdint_h=yes
ac_cv_header_stdlib_h=yes
ac_cv_header_string_h=yes
ac_cv_header_strings_h=yes
ac_cv_header_sys_stat_h=yes
ac_cv_header_sys_types_h=yes
ac_cv_header_unistd_h=yes
ac_cv_host=x86_64-unknown-linux-gnu
ac_cv_objext=o
ac_cv_path_EGREP='/bin/grep -E'
ac_cv_path_FGREP='/bin/grep -F'
ac_cv_path_GREP=/bin/grep
ac_cv_path_SED=/bin/sed
ac_cv_path_ac_pt_PKG_CONFIG=/usr/bin/pkg-config
ac_cv_path_install='/usr/bin/install -c'
ac_cv_path_lt_DD=/bin/dd
ac_cv_path_mkdir=/bin/mkdir
ac_cv_prog_AWK=mawk
ac_cv_prog_CPP='gcc -E'
ac_cv_prog_NASM=nasm
ac_cv_prog_ac_ct_AR=ar
ac_cv_prog_ac_ct_CC=gcc
ac_cv_prog_ac_ct_MANIFEST_TOOL=mt
ac_cv_prog_ac_ct_OBJDUMP=objdump
ac_cv_prog_ac_ct_RANLIB=ranlib
ac_cv_prog_ac_ct_STRIP=strip
ac_cv_prog_cc_c89=
ac_cv_prog_cc_g=yes
ac_cv_prog_make_make_set=yes
ac_cv_sizeof_size_t=8
ac_cv_type_size_t=yes
ac_cv_type_unsigned_char=yes
ac_cv_type_unsigned_short=yes
am_cv_CCAS_dependencies_compiler_type=gcc3
am_cv_CC_dependencies_compiler_type=gcc3
am_cv_ar_interface=ar
am_cv_make_support_nested_variables=yes
am_cv_prog_cc_c_o=yes
ljt_cv_inline='inline __attribute__((always_inline))'
lt_cv_ar_at_file=@
lt_cv_archive_cmds_need_lc=no
lt_cv_deplibs_check_method=pass_all
lt_cv_file_magic_cmd='$MAGIC_CMD'
lt_cv_file_magic_test_file=
lt_cv_ld_reload_flag=-r
lt_cv_nm_interface='BSD nm'
lt_cv_objdir=.libs
lt_cv_path_LD=/usr/bin/ld
lt_cv_path_NM='/usr/bin/nm -B'
lt_cv_path_mainfest_tool=no
lt_cv_prog_compiler_c_o=yes
lt_cv_prog_compiler_pic='-fPIC -DPIC'
lt_cv_prog_compiler_pic_works=yes
lt_cv_prog_compiler_rtti_exceptions=no
lt_cv_prog_compiler_static_works=yes
lt_cv_prog_gnu_ld=yes
lt_cv_sharedlib_from_linklib_cmd='printf %s\n'
lt_cv_shlibpath_overrides_runpath=no
lt_cv_sys_global_symbol_pipe='sed -n -e '\''s/^.*[	 ]\([ABCDGIRSTW][ABCDGIRSTW]*\)[	 ][	 ]*\([_A-Za-z][_A-Za-z0-9]*\)$/\1 \2 \2/p'\'' | sed '\''/ __gnu_lto/d'\'''
lt_cv_sys_global_symbol_to_c_name_address='sed -n -e '\''s/^: \(.*\) .*$/  {"\1", (void *) 0},/p'\'' -e '\''s/^[ABCDGIRSTW][ABCDGIRSTW]* .* \(.*\)$/  {"\1", (void *) \&\1},/p'\'''
lt_cv_sys_global_symbol_to_c_name_address_lib_prefix='sed -n -e '\''s/^: \(.*\) .*$/  {"\1", (void *) 0},/p'\'' -e '\''s/^[ABCDGIRSTW][ABCDGIRSTW]* .* \(lib.*\)$/  {"\1", (void *) \&\1},/p'\'' -e '\''s/^[ABCDGIRSTW][ABCDGIRSTW]* .* \(.*\)$/  {"lib\1", (void *) \&\1},/p'\'''
lt_cv_sys_global_symbol_to_cdecl='sed -n -e '\''s/^T .* \(.*\)$/extern int \1();/p'\'' -e '\''s/^[ABCDGIRSTW][ABCDGIRSTW]* .* \(.*\)$/extern char \1;/p'\'''
lt_cv_sys_global_symbol_to_import=
lt_cv_sys_max_cmd_len=1572864
lt_cv_to_host_file_cmd=func_convert_file_noop
lt_cv_to_tool_file_cmd=func_convert_file_noop
lt_cv_truncate_bin='/bin/dd bs=4096 count=1'

## ----------------- ##
## Output variables. ##
## ----------------- ##

ACLOCAL='${SHELL} /home/hsw/project/firefly-rk3288/external/download-libjpeg-turbo-linux/libjpeg-turbo-1.4.90/missing aclocal-1.15'
AMDEPBACKSLASH='\'
AMDEP_FALSE='#'
AMDEP_TRUE=''
AMTAR='$${TAR-tar}'
AM_BACKSLASH='\'
AM_DEFAULT_V='$(AM_DEFAULT_VERBOSITY)'
AM_DEFAULT_VERBOSITY='0'
AM_V='$(V)'
AR='ar'
AUTOCONF='${SHELL} /home/hsw/project/firefly-rk3288/external/download-libjpeg-turbo-linux/libjpeg-turbo-1.4.90/missing autoconf'
AUTOHEADER='${SHELL} /home/hsw/project/firefly-rk3288/external/download-libjpeg-turbo-linux/libjpeg-turbo-1.4.90/missing autoheader'
AUTOMAKE='${SHELL} /home/hsw/project/firefly-rk3288/external/download-libjpeg-turbo-linux/libjpeg-turbo-1.4.90/missing automake-1.15'
AWK='mawk'
BUILD='20160320'
CC='gcc'
CCAS='gcc'
CCASDEPMODE='depmode=gcc3'
CCASFLAGS='-g -O2'
CCDEPMODE='depmode=gcc3'
CFLAGS='-O3'
CPP='gcc -E'
CPPFLAGS='-Wall'
CROSS_COMPILING_FALSE=''
CROSS_COMPILING_TRUE='#'
CYGPATH_W='echo'
DEBARCH='amd64'
DEFS='-DHAVE_CONFIG_H'
DEPDIR='.deps'
DLLTOOL='false'
DSYMUTIL=''
DUMPBIN=''
ECHO_C=''
ECHO_N='-n'
ECHO_T=''
EGREP='/bin/grep -E'
EXEEXT=''
FGREP='/bin/grep -F'
GREP='/bin/grep'
INSTALL_DATA='${INSTALL} -m 644'
INSTALL_PROGRAM='${INSTALL}'
INSTALL_SCRIPT='${INSTALL}'
INSTALL_STRIP_PROGRAM='$(install_sh) -c -s'
JAR='jar'
JAVA='java'
JAVAC='javac'
JAVACFLAGS=''
JAVA_RPM_CONTENTS_1=''
JAVA_RPM_CONTENTS_2=''
JNI_CFLAGS=''
JPEG_LIB_VERSION='62'
JPEG_LIB_VERSION_DECIMAL='6.2'
LD='/usr/bin/ld -m elf_x86_64'
LDFLAGS=''
LIBOBJS=''
LIBS=''
LIBTOOL='$(SHELL) $(top_builddir)/libtool'
LIBTOOL_CURRENT='64'
LIPO=''
LN_S='ln -s'
LTLIBOBJS=''
LT_SYS_LIBRARY_PATH=''
MAKEINFO='${SHELL} /home/hsw/project/firefly-rk3288/external/download-libjpeg-turbo-linux/libjpeg-turbo-1.4.90/missing makeinfo'
MANIFEST_TOOL=':'
MEM_SRCDST_FUNCTIONS='global:  jpeg_mem_dest;  jpeg_mem_src;'
MKDIR_P='/bin/mkdir -p'
NAFLAGS='-felf64 -DELF -D__x86_64__'
NASM='nasm'
NM='/usr/bin/nm -B'
NMEDIT=''
OBJDUMP='objdump'
OBJEXT='o'
OTOOL64=''
OTOOL=''
PACKAGE='libjpeg-turbo'
PACKAGE_BUGREPORT=''
PACKAGE_NAME='libjpeg-turbo'
PACKAGE_STRING='libjpeg-turbo 1.4.90'
PACKAGE_TARNAME='libjpeg-turbo'
PACKAGE_URL=''
PACKAGE_VERSION='1.4.90'
PATH_SEPARATOR=':'
PKGNAME='libjpeg-turbo'
PKG_CONFIG='/usr/bin/pkg-config'
RANLIB='ranlib'
RPMARCH='x86_64'
RPM_CONFIG_ARGS=''
SED='/bin/sed'
SET_MAKE=''
SHELL='/bin/bash'
SIMD_ARM_64_FALSE=''
SIMD_ARM_64_TRUE='#'
SIMD_ARM_FALSE=''
SIMD_ARM_TRUE='#'
SIMD_I386_FALSE=''
SIMD_I386_TRUE='#'
SIMD_MIPS_FALSE=''
SIMD_MIPS_TRUE='#'
SIMD_POWERPC_FALSE=''
SIMD_POWERPC_TRUE='#'
SIMD_X86_64_FALSE='#'
SIMD_X86_64_TRUE=''
SO_AGE='2'
SO_MAJOR_VERSION='62'
SO_MINOR_VERSION='0'
STRIP='strip'
VERSION='1.4.90'
VERSION_SCRIPT_FALSE='#'
VERSION_SCRIPT_FLAG='-Wl,--version-script,'
VERSION_SCRIPT_TRUE=''
WITH_12BIT_FALSE=''
WITH_12BIT_TRUE='#'
WITH_ARITH_DEC_FALSE='#'
WITH_ARITH_DEC_TRUE=''
WITH_ARITH_ENC_FALSE='#'
WITH_ARITH_ENC_TRUE=''
WITH_ARITH_FALSE='#'
WITH_ARITH_TRUE=''
WITH_JAVA='0'
WITH_JAVA_FALSE=''
WITH_JAVA_TRUE='#'
WITH_SIMD_FALSE='#'
WITH_SIMD_TRUE=''
WITH_SSE_FLOAT_DCT_FALSE='#'
WITH_SSE_FLOAT_DCT_TRUE=''
WITH_TURBOJPEG_FALSE='#'
WITH_TURBOJPEG_TRUE=''
X86_64_FALSE='#'
X86_64_TRUE=''
ac_ct_AR='ar'
ac_ct_CC='gcc'
ac_ct_DUMPBIN=''
am__EXEEXT_FALSE=''
am__EXEEXT_TRUE='#'
am__fastdepCCAS_FALSE='#'
am__fastdepCCAS_TRUE=''
am__fastdepCC_FALSE='#'
am__fastdepCC_TRUE=''
am__include='include'
am__isrc=''
am__leading_dot='.'
am__nodep='_no'
am__quote=''
am__tar='$${TAR-tar} chof - "$$tardir"'
am__untar='$${TAR-tar} xf -'
bindir='${exec_prefix}/bin'
build='x86_64-unknown-linux-gnu'
build_alias=''
build_cpu='x86_64'
build_os='linux-gnu'
build_vendor='unknown'
datadir='${prefix}'
datarootdir='${prefix}'
docdir='${datadir}/doc'
dvidir='${docdir}'
exec_prefix='${prefix}'
host='x86_64-unknown-linux-gnu'
host_alias=''
host_cpu='x86_64'
host_os='linux-gnu'
host_vendor='unknown'
htmldir='${docdir}'
includedir='${prefix}/include'
infodir='${datarootdir}/info'
install_sh='${SHELL} /home/hsw/project/firefly-rk3288/external/download-libjpeg-turbo-linux/libjpeg-turbo-1.4.90/install-sh'
libdir='${exec_prefix}/lib64'
libexecdir='${exec_prefix}/libexec'
localedir='${datarootdir}/locale'
localstatedir='${prefix}/var'
mandir='${datarootdir}/man'
mkdir_p='$(MKDIR_P)'
oldincludedir='/usr/include'
pdfdir='${docdir}'
prefix='/opt/libjpeg-turbo'
program_transform_name='s,x,x,'
psdir='${docdir}'
sbindir='${exec_prefix}/sbin'
sharedstatedir='${prefix}/com'
sysconfdir='${prefix}/etc'
target_alias=''

## ----------- ##
## confdefs.h. ##
## ----------- ##

/* confdefs.h */
#define PACKAGE_NAME "libjpeg-turbo"
#define PACKAGE_TARNAME "libjpeg-turbo"
#define PACKAGE_VERSION "1.4.90"
#define PACKAGE_STRING "libjpeg-turbo 1.4.90"
#define PACKAGE_BUGREPORT ""
#define PACKAGE_URL ""
#define PACKAGE "libjpeg-turbo"
#define VERSION "1.4.90"
#define STDC_HEADERS 1
#define HAVE_SYS_TYPES_H 1
#define HAVE_SYS_STAT_H 1
#define HAVE_STDLIB_H 1
#define HAVE_STRING_H 1
#define HAVE_MEMORY_H 1
#define HAVE_STRINGS_H 1
#define HAVE_INTTYPES_H 1
#define HAVE_STDINT_H 1
#define HAVE_UNISTD_H 1
#define HAVE_DLFCN_H 1
#define LT_OBJDIR ".libs/"
#define SIZEOF_SIZE_T 8
#define STDC_HEADERS 1
#define HAVE_STDDEF_H 1
#define HAVE_STDLIB_H 1
#define HAVE_LOCALE_H 1
#define HAVE_STRING_H 1
#define NEED_SYS_TYPES_H 1
#define HAVE_UNSIGNED_CHAR 1
#define HAVE_UNSIGNED_SHORT 1
#define HAVE_MEMSET 1
#define HAVE_MEMCPY 1
#define JPEG_LIB_VERSION 62
#define MEM_SRCDST_SUPPORTED 1
#define LIBJPEG_TURBO_VERSION 1.4.90
#define INLINE inline __attribute__((always_inline))
#define C_ARITH_CODING_SUPPORTED 1
#define D_ARITH_CODING_SUPPORTED 1
#define WITH_SIMD 1
#define BUILD "20160320"

configure: exit 0
